#-----------------------------------------------------------
# Vivado v2019.2 (64-bit)
# SW Build 2708876 on Wed Nov  6 21:40:23 MST 2019
# IP Build 2700528 on Thu Nov  7 00:09:20 MST 2019
# Start of session at: Mon Apr  3 14:51:43 2023
# Process ID: 33108
# Current directory: D:/Program Files/Verilog project/MIPS_single
# Command line: vivado.exe -gui_launcher_event rodinguilauncherevent31196 D:\Program Files\Verilog project\MIPS_single\MIPS_single.xpr
# Log file: D:/Program Files/Verilog project/MIPS_single/vivado.log
# Journal file: D:/Program Files/Verilog project/MIPS_single\vivado.jou
#-----------------------------------------------------------
start_gui
open_project {D:/Program Files/Verilog project/MIPS_single/MIPS_single.xpr}
Scanning sources...
Finished scanning sources
INFO: [IP_Flow 19-234] Refreshing IP repositories
INFO: [IP_Flow 19-1704] No user IP repositories specified
INFO: [IP_Flow 19-2313] Loaded Vivado IP repository 'D:/program/vivado/Vivado/2019.2/data/ip'.
update_compile_order -fileset sources_1
exit
INFO: [Common 17-206] Exiting Vivado at Mon Apr  3 14:52:49 2023...
