#-----------------------------------------------------------
# Vivado v2019.2 (64-bit)
# SW Build 2708876 on Wed Nov  6 21:40:23 MST 2019
# IP Build 2700528 on Thu Nov  7 00:09:20 MST 2019
# Start of session at: Tue Mar 28 17:10:58 2023
# Process ID: 12560
# Current directory: D:/Program Files/Verilog project/MIPS_single
# Command line: vivado.exe -gui_launcher_event rodinguilauncherevent24176 D:\Program Files\Verilog project\MIPS_single\MIPS_single.xpr
# Log file: D:/Program Files/Verilog project/MIPS_single/vivado.log
# Journal file: D:/Program Files/Verilog project/MIPS_single\vivado.jou
#-----------------------------------------------------------
start_gui
open_project {D:/Program Files/Verilog project/MIPS_single/MIPS_single.xpr}
Scanning sources...
Finished scanning sources
INFO: [IP_Flow 19-234] Refreshing IP repositories
INFO: [IP_Flow 19-1704] No user IP repositories specified
INFO: [IP_Flow 19-2313] Loaded Vivado IP repository 'D:/program/vivado/Vivado/2019.2/data/ip'.
update_compile_order -fileset sources_1
open_hw_manager
connect_hw_server -allow_non_jtag
INFO: [Labtools 27-2285] Connecting to hw_server url TCPexit
INFO: [Common 17-206] Exiting Vivado at Tue Mar 28 17:13:47 2023...
localhost:3042
INFO: [Labtools 27-3414] Connected to existing cs_server.
open_hw_target
INFO: [Labtoolstcl 44-466] Opening hw_target localhost:3121/xilinx_tcf/Digilent/210292710315A
set_property PROGRAM.FILE {D:/Program Files/Verilog project/MIPS_single/MIPS_single.runs/impl_1/top.bit} [get_hw_devices xc7a100t_0]
current_hw_device [get_hw_devices xc7a100t_0]
refresh_hw_device -update_hw_probes false [lindex [get_hw_devices xc7a100t_0] 0]
INFO: [Labtools 27-1434] Device xc7a100t (JTAG device index = 0) is programmed with a design that has no supported debug core(s) in it.
set_property PROBES.FILE {} [get_hw_devices xc7a100t_0]
set_property FULL_PROBES.FILE {} [get_hw_devices xc7a100t_0]
set_property PROGRAM.FILE {D:/Program Files/Verilog project/MIPS_single/MIPS_single.runs/impl_1/top.bit} [get_hw_devices xc7a100t_0]
program_hw_devices [get_hw_devices xc7a100t_0]
INFO: [Labtools 27-3164] End of startup status: HIGH
refresh_hw_device [lindex [get_hw_devices xc7a100t_0] 0]
INFO: [Labtools 27-1434] Device xc7a100t (JTAG device index = 0) is programmed with a design that has no supported debug core(s) in it.
exit
INFO: [Common 17-206] Exiting Vivado at Tue Mar 28 17:30:50 2023...
