Copyright 1986-2019 Xilinx, Inc. All Rights Reserved.
------------------------------------------------------------------------------------
| Tool Version : Vivado v.2019.2 (win64) Build 2708876 Wed Nov  6 21:40:23 MST 2019
| Date         : Mon Mar  6 09:04:46 2023
| Host         : LAPTOP-3TB8KCCP running 64-bit major release  (build 9200)
| Command      : report_control_sets -verbose -file top_control_sets_placed.rpt
| Design       : top
| Device       : xc7a100t
------------------------------------------------------------------------------------

Control Set Information

Table of Contents
-----------------
1. Summary
2. Histogram
3. Flip-Flop Distribution
4. Detailed Control Set Information

1. Summary
----------

+----------------------------------------------------------+-------+
|                          Status                          | Count |
+----------------------------------------------------------+-------+
| Total control sets                                       |    10 |
|    Minimum number of control sets                        |    10 |
|    Addition due to synthesis replication                 |     0 |
|    Addition due to physical synthesis replication        |     0 |
| Unused register locations in slices containing registers |    41 |
+----------------------------------------------------------+-------+
* Control sets can be merged at opt_design using control_set_merge or merge_equivalent_drivers
** Run report_qor_suggestions for automated merging and remapping suggestions


2. Histogram
------------

+--------------------+-------+
|       Fanout       | Count |
+--------------------+-------+
| Total control sets |    10 |
| >= 0 to < 4        |     2 |
| >= 4 to < 6        |     0 |
| >= 6 to < 8        |     1 |
| >= 8 to < 10       |     1 |
| >= 10 to < 12      |     0 |
| >= 12 to < 14      |     2 |
| >= 14 to < 16      |     0 |
| >= 16              |     4 |
+--------------------+-------+
* Control sets can be remapped at either synth_design or opt_design


3. Flip-Flop Distribution
-------------------------

+--------------+-----------------------+------------------------+-----------------+--------------+
| Clock Enable | Synchronous Set/Reset | Asynchronous Set/Reset | Total Registers | Total Slices |
+--------------+-----------------------+------------------------+-----------------+--------------+
| No           | No                    | No                     |               2 |            2 |
| No           | No                    | Yes                    |               9 |            7 |
| No           | Yes                   | No                     |              20 |            5 |
| Yes          | No                    | No                     |              12 |            4 |
| Yes          | No                    | Yes                    |               0 |            0 |
| Yes          | Yes                   | No                     |              36 |           18 |
+--------------+-----------------------+------------------------+-----------------+--------------+


4. Detailed Control Set Information
-----------------------------------

+----------------------+-----------------------------+------------------------+------------------+----------------+
|     Clock Signal     |        Enable Signal        |    Set/Reset Signal    | Slice Load Count | Bel Load Count |
+----------------------+-----------------------------+------------------------+------------------+----------------+
| ~CLK100MHZ_IBUF_BUFG | BTNL_IBUF                   | mips/dp/alu/SR[0]      |                1 |              1 |
| ~CLK100MHZ_IBUF_BUFG |                             |                        |                2 |              2 |
| ~CLK100MHZ_IBUF_BUFG | mips/dp/alu/q_reg[2]_3      | mips/dp/alu/q_reg[2]_2 |                2 |              6 |
|  CLK100MHZ_IBUF_BUFG |                             | BTNC_IBUF              |                7 |              9 |
| ~CLK100MHZ_IBUF_BUFG | mips/dp/alu/q_reg[4]_rep[0] | BTNC_IBUF              |                5 |             12 |
| ~CLK100MHZ_IBUF_BUFG | dmd/io/led[11]_i_1_n_0      |                        |                4 |             12 |
| ~CLK100MHZ_IBUF_BUFG | BTNR_IBUF                   | BTNC_IBUF              |               10 |             17 |
| ~CLK100MHZ_IBUF_BUFG |                             | BTNC_IBUF              |                5 |             20 |
|  CLK100MHZ_IBUF_BUFG | mips/dp/pcreg/we3           |                        |               12 |             96 |
|  CLK100MHZ_IBUF_BUFG | mips/dp/pcreg/mWrite        |                        |               32 |            128 |
+----------------------+-----------------------------+------------------------+------------------+----------------+


